<?xml version="1.0" encoding="UTF-8"?>
<!-- Generated by org.testng.reporters.JUnitXMLReporter -->
<testsuite ignored="0" hostname="DESKTOP-9STP60L" failures="0" tests="5" name="Default test" time="54.118" errors="0" timestamp="2023-08-06T19:28:34 IST">
  <testcase classname="test.ValidateLogin" name="validateBuild_A_BearURL" time="0.036"/>
  <testcase classname="test.ValidateLogin" name="validateSignUpButtonIsDisplayed" time="0.114"/>
  <testcase classname="test.ValidateLogin" name="validateSignUpLoginButton" time="0.44"/>
  <testcase classname="test.ValidateLogin" name="validatingloginPageURL" time="0.803"/>
  <testcase classname="test.ValidateLogin" name="validateLogin" time="23.828"/>
</testsuite> <!-- Default test -->
